<?xml version="1.0" encoding="UTF-8"?>
<!-- Generated by org.testng.reporters.JUnitReportReporter -->
<testsuite hostname="DANIELTKACHF686" failures="0" tests="1" name="com.inetbanking.testCases.TC_AddCustomerTest_003" time="7.006" errors="0" timestamp="2021-11-21T15:50:29 COT" skipped="0">
  <testcase classname="com.inetbanking.testCases.TC_AddCustomerTest_003" name="addNewCustomer" time="7.006"/>
  <system-out/>
</testsuite> <!-- com.inetbanking.testCases.TC_AddCustomerTest_003 -->
