<?xml version="1.0" encoding="UTF-8"?>
<!-- Generated by org.testng.reporters.JUnitReportReporter -->
<testsuite hostname="LPwO90mNmS" failures="0" tests="1" name="com.inetbanking.testCases.TC_AddCustomerTest_003" time="7.243" errors="0" timestamp="2021-11-29T01:16:50 GMT+02:00" skipped="0">
  <testcase classname="com.inetbanking.testCases.TC_AddCustomerTest_003" name="addNewCustomer" time="7.243"/>
  <system-out/>
</testsuite> <!-- com.inetbanking.testCases.TC_AddCustomerTest_003 -->
