<?xml version="1.0" encoding="UTF-8"?>
<!-- Generated by org.testng.reporters.JUnitReportReporter -->
<testsuite hostname="LPwO90mNmS" failures="0" tests="1" name="com.inetbanking.testCases.HandleBrowserWindows" time="23.232" errors="0" timestamp="2021-12-03T23:24:56 GMT+02:00" skipped="0">
  <testcase classname="com.inetbanking.testCases.HandleBrowserWindows" name="DatePicker" time="23.232"/>
  <system-out/>
</testsuite> <!-- com.inetbanking.testCases.HandleBrowserWindows -->
