<?xml version="1.0" encoding="UTF-8"?>
<!-- Generated by org.testng.reporters.JUnitReportReporter -->
<testsuite hostname="DANIELTKACHF686" failures="0" tests="1" name="com.inetbanking.testCases.TC_LoginTest_001" time="1.003" errors="0" timestamp="2021-11-23T13:19:03 COT" skipped="0">
  <testcase classname="com.inetbanking.testCases.TC_LoginTest_001" name="loginTest" time="1.003"/>
  <system-out/>
</testsuite> <!-- com.inetbanking.testCases.TC_LoginTest_001 -->
